<?xml version="1.0" encoding="UTF-8"?>
<!-- Generated by org.testng.reporters.JUnitReportReporter -->
<testsuite skipped="0" hostname="Vasanth" name="testcases.TC002Login" tests="1" failures="0" timestamp="2020-06-11T11:27:09 IST" time="21.173" errors="0">
  <testcase name="login" time="21.173" classname="testcases.TC002Login"/>
</testsuite> <!-- testcases.TC002Login -->
