<?xml version="1.0" encoding="UTF-8"?>
<!-- Generated by org.testng.reporters.JUnitReportReporter -->
<testsuite skipped="0" hostname="Vasanth" name="testcases.TC001Login" tests="1" failures="0" timestamp="2020-06-11T11:27:09 IST" time="25.160" errors="0">
  <testcase name="login" time="25.160" classname="testcases.TC001Login"/>
</testsuite> <!-- testcases.TC001Login -->
