<?xml version="1.0" encoding="UTF-8"?>
<!-- Generated by org.testng.reporters.JUnitReportReporter -->
<testsuite skipped="0" hostname="Vasanth" name="utils.CreateReport" tests="1" failures="0" timestamp="2020-06-11T11:28:05 IST" time="13.091" errors="0">
  <testcase name="name" time="13.091" classname="utils.CreateReport"/>
</testsuite> <!-- utils.CreateReport -->
